   Input file: ../examples/ex11
  Output file: ex11.out
Database file: ../database/phreeqc.dat

------------------
Reading data base.
------------------

	SOLUTION_MASTER_SPECIES
	SOLUTION_SPECIES
	PHASES
	EXCHANGE_MASTER_SPECIES
	EXCHANGE_SPECIES
	SURFACE_MASTER_SPECIES
	SURFACE_SPECIES
	RATES
	END
------------------------------------
Reading input data for simulation 1.
------------------------------------

	TITLE Example 11.--Transport and ion exchange.
	SOLUTION 0  CaCl2
	        units            mmol/kgw
	        temp             25.0
	        pH               7.0     charge
	        pe               12.5    O2(g)   -0.68
	        Ca               0.6
	        Cl               1.2
	SOLUTION 1-40  Initial solution for column
	        units            mmol/kgw
	        temp             25.0
	        pH               7.0     charge
	        pe               12.5    O2(g)   -0.68
	        Na               1.0
	        K                0.2
	        N(5)             1.2
	END
-----
TITLE
-----

 Example 11.--Transport and ion exchange.

-------------------------------------------
Beginning of initial solution calculations.
-------------------------------------------

Initial solution 0.	CaCl2

-----------------------------Solution composition------------------------------

	Elements           Molality       Moles

	Ca                6.000e-04   6.000e-04
	Cl                1.200e-03   1.200e-03

----------------------------Description of solution----------------------------

                                       pH  =   6.997      Charge balance
                                       pe  =  13.630      Equilibrium with O2(g)
       Specific Conductance (uS/cm, 25 oC) = 155
                          Density (g/cm3)  =   0.99710
                               Volume (L)  =   1.00299
                        Activity of water  =   1.000
                           Ionic strength  =   1.800e-03
                       Mass of water (kg)  =   1.000e+00
                 Total alkalinity (eq/kg)  =  -1.147e-20
                    Total carbon (mol/kg)  =   0.000e+00
                       Total CO2 (mol/kg)  =   0.000e+00
                      Temperature (deg C)  =  25.00
                  Electrical balance (eq)  =   4.685e-18
 Percent error, 100*(Cat-|An|)/(Cat+|An|)  =   0.00
                               Iterations  =   4
                                  Total H  = 1.110124e+02
                                  Total O  = 5.550675e+01

----------------------------Distribution of species----------------------------

                                               Log       Log       Log    mole V
   Species          Molality    Activity  Molality  Activity     Gamma   cm3/mol

   H+              1.052e-07   1.007e-07    -6.978    -6.997    -0.019      0.00
   OH-             1.044e-07   9.954e-08    -6.981    -7.002    -0.021     -4.07
   H2O             5.551e+01   1.000e+00     1.744    -0.000     0.000     18.07
Ca            6.000e-04
   Ca+2            6.000e-04   4.983e-04    -3.222    -3.302    -0.081    -17.41
   CaOH+           8.601e-10   8.214e-10    -9.065    -9.085    -0.020     (0)  
Cl            1.200e-03
   Cl-             1.200e-03   1.144e-03    -2.921    -2.941    -0.021     18.07
H(0)          0.000e+00
   H2              0.000e+00   0.000e+00   -44.404   -44.404     0.000     28.61
O(0)          5.351e-04
   O2              2.675e-04   2.676e-04    -3.573    -3.572     0.000     30.40

------------------------------Saturation indices-------------------------------

	Phase               SI   log IAP   log K(298 K,   1 atm)

	H2(g)           -41.30    -44.40   -3.10  H2
	H2O(g)           -1.50     -0.00    1.50  H2O
	O2(g)            -0.68     -3.57   -2.89  O2	 Pressure   0.2 atm, phi 1.000.


Initial solution 1.	Initial solution for column

-----------------------------Solution composition------------------------------

	Elements           Molality       Moles

	K                 2.000e-04   2.000e-04
	N(5)              1.200e-03   1.200e-03
	Na                1.000e-03   1.000e-03

----------------------------Description of solution----------------------------

                                       pH  =   6.999      Charge balance
                                       pe  =  13.628      Equilibrium with O2(g)
       Specific Conductance (uS/cm, 25 oC) = 146
                          Density (g/cm3)  =   0.99711
                               Volume (L)  =   1.00301
                        Activity of water  =   1.000
                           Ionic strength  =   1.200e-03
                       Mass of water (kg)  =   1.000e+00
                 Total alkalinity (eq/kg)  =  -1.023e-18
                    Total carbon (mol/kg)  =   0.000e+00
                       Total CO2 (mol/kg)  =   0.000e+00
                      Temperature (deg C)  =  25.00
                  Electrical balance (eq)  =  -8.409e-17
 Percent error, 100*(Cat-|An|)/(Cat+|An|)  =  -0.00
                               Iterations  =   3
                                  Total H  = 1.110124e+02
                                  Total O  = 5.551035e+01

----------------------------Distribution of species----------------------------

                                               Log       Log       Log    mole V
   Species          Molality    Activity  Molality  Activity     Gamma   cm3/mol

   H+              1.040e-07   1.002e-07    -6.983    -6.999    -0.016      0.00
   OH-             1.040e-07   1.000e-07    -6.983    -7.000    -0.017     -4.08
   H2O             5.551e+01   1.000e+00     1.744    -0.000     0.000     18.07
H(0)          0.000e+00
   H2              0.000e+00   0.000e+00   -44.404   -44.404     0.000     28.61
K             2.000e-04
   K+              2.000e-04   1.923e-04    -3.699    -3.716    -0.017      8.93
N(5)          1.200e-03
   NO3-            1.200e-03   1.154e-03    -2.921    -2.938    -0.017     29.45
Na            1.000e-03
   Na+             1.000e-03   9.620e-04    -3.000    -3.017    -0.017     -1.19
O(0)          5.351e-04
   O2              2.676e-04   2.676e-04    -3.573    -3.572     0.000     30.40

------------------------------Saturation indices-------------------------------

	Phase               SI   log IAP   log K(298 K,   1 atm)

	H2(g)           -41.30    -44.40   -3.10  H2
	H2O(g)           -1.50     -0.00    1.50  H2O
	O2(g)            -0.68     -3.57   -2.89  O2	 Pressure   0.2 atm, phi 1.000.


------------------
End of simulation.
------------------

------------------------------------
Reading input data for simulation 2.
------------------------------------

	EXCHANGE 1-40
	        equilibrate 1
	        X                0.0011
	COPY cell 1 101
	END
-------------------------------------------------------
Beginning of initial exchange-composition calculations.
-------------------------------------------------------

Exchange 1.	

X                1.100e-03 mol

	                               Equiv-    Equivalent      Log 
	Species             Moles      alents      Fraction     Gamma

	KX                5.507e-04   5.507e-04   5.006e-01    -0.017
	NaX               5.493e-04   5.493e-04   4.994e-01    -0.017

------------------
End of simulation.
------------------

------------------------------------
Reading input data for simulation 3.
------------------------------------

	ADVECTION
	        cells           40
	        shifts          100
	        punch_cells     40
	        punch_frequency 1
	        print_cells     40
	        print_frequency 120
	PRINT
	 reset false
WARNING: Cell-lengths were read for 1 cells. Last value is used till cell 40.
WARNING: Dispersivities were read for 1 cells. Last value is used till cell 40.
------------------------------
End of Run after 5.42 Seconds.
------------------------------

