   Input file: ../examples/ex2b
  Output file: ex2b.out
Database file: ../database/phreeqc.dat

------------------
Reading data base.
------------------

	SOLUTION_MASTER_SPECIES
	SOLUTION_SPECIES
	PHASES
	EXCHANGE_MASTER_SPECIES
	EXCHANGE_SPECIES
	SURFACE_MASTER_SPECIES
	SURFACE_SPECIES
	RATES
	END
------------------------------------
Reading input data for simulation 1.
------------------------------------

	TITLE Calculate gypsum/anhydrite transitions, 30 - 170 oC, 1 - 1000 atm
	      Data in ex2b.tsv from Blount and Dickson, 1973, Am. Mineral. 58, 323, fig. 2.
	PRINT
	 reset false
------------------------------
End of Run after 0.07 Seconds.
------------------------------

