   Input file: ..\examples\ex19b
  Output file: ex19b.out
Database file: ..\database\phreeqc.dat

------------------
Reading data base.
------------------

	SOLUTION_MASTER_SPECIES
	SOLUTION_SPECIES
	PHASES
	EXCHANGE_MASTER_SPECIES
	EXCHANGE_SPECIES
	SURFACE_MASTER_SPECIES
	SURFACE_SPECIES
	RATES
	END
------------------------------------
Reading input data for simulation 1.
------------------------------------

	TITLE Example 19B.--Cd sorption on X, Hfo and OC in loamy soil
	PRINT
	        reset false

 ug Cd/L =  1.1240e-001  ug Cd/g =             0  Kd (L/kg) =             0  ug Cd/g in DL =            0 
Excess meq Ca in DL =            0 
Excess meq Cl in DL =            0 
Surface charge      =            0 
Total Ca in/on organic matter =            0  CEC on OM = Zero divide in BASIC line
 70  print 'Total Ca in/on organic matter =', H_Ca, ' CEC on OM =' H_Ca*200/TOT("X"),        '%.'.
Value set to zero.
           0 %. 

 ug Cd/L =  1.1240e-001  ug Cd/g =             0  Kd (L/kg) =             0  ug Cd/g in DL =            0 
Excess meq Ca in DL =            0 
Excess meq Cl in DL =            0 
Surface charge      =            0 
Total Ca in/on organic matter =            0  CEC on OM =            0 %. 

 ug Cd/L =  1.1240e-001  ug Cd/g =   2.0660e-001  Kd (L/kg) =   1.8381e+003  ug Cd/g in DL =  8.5947e-004 
Excess meq Ca in DL =  1.3249e-005 
Excess meq Cl in DL = -1.8095e-006 
Surface charge      = -1.5062e-005 
Total Ca in/on organic matter =  1.2741e-006  CEC on OM = Zero divide in BASIC line
 70  print 'Total Ca in/on organic matter =', H_Ca, ' CEC on OM =' H_Ca*200/TOT("X"),        '%.'.
Value set to zero.
           0 %. 

 ug Cd/L =  4.1724e+000  ug Cd/g =   7.2867e+000  Kd (L/kg) =   1.7464e+003  ug Cd/g in DL =  3.1870e-002 
Excess meq Ca in DL =  1.3232e-005 
Excess meq Cl in DL = -1.8088e-006 
Surface charge      = -1.5045e-005 
Total Ca in/on organic matter =  1.2674e-006  CEC on OM =  4.5507e+000 %. 

 ug Cd/L =  8.4928e+000  ug Cd/g =   1.4100e+001  Kd (L/kg) =   1.6602e+003  ug Cd/g in DL =  6.4803e-002 
Excess meq Ca in DL =  1.3215e-005 
Excess meq Cl in DL = -1.8082e-006 
Surface charge      = -1.5028e-005 
Total Ca in/on organic matter =  1.2609e-006  CEC on OM =  4.5274e+000 %. 

 ug Cd/L =  1.3073e+001  ug Cd/g =   2.0647e+001  Kd (L/kg) =   1.5794e+003  ug Cd/g in DL =  9.9645e-002 
Excess meq Ca in DL =  1.3197e-005 
Excess meq Cl in DL = -1.8076e-006 
Surface charge      = -1.5010e-005 
Total Ca in/on organic matter =  1.2547e-006  CEC on OM =  4.5051e+000 %. 

 ug Cd/L =  1.7910e+001  ug Cd/g =   2.6932e+001  Kd (L/kg) =   1.5037e+003  ug Cd/g in DL =  1.3636e-001 
Excess meq Ca in DL =  1.3180e-005 
Excess meq Cl in DL = -1.8069e-006 
Surface charge      = -1.4992e-005 
Total Ca in/on organic matter =  1.2487e-006  CEC on OM =  4.4837e+000 %. 

 ug Cd/L =  2.2997e+001  ug Cd/g =   3.2959e+001  Kd (L/kg) =   1.4332e+003  ug Cd/g in DL =  1.7490e-001 
Excess meq Ca in DL =  1.3162e-005 
Excess meq Cl in DL = -1.8063e-006 
Surface charge      = -1.4974e-005 
Total Ca in/on organic matter =  1.2430e-006  CEC on OM =  4.4632e+000 %. 

 ug Cd/L =  2.8328e+001  ug Cd/g =   3.8738e+001  Kd (L/kg) =   1.3675e+003  ug Cd/g in DL =  2.1520e-001 
Excess meq Ca in DL =  1.3144e-005 
Excess meq Cl in DL = -1.8056e-006 
Surface charge      = -1.4956e-005 
Total Ca in/on organic matter =  1.2376e-006  CEC on OM =  4.4437e+000 %. 

 ug Cd/L =  3.3892e+001  ug Cd/g =   4.4277e+001  Kd (L/kg) =   1.3064e+003  ug Cd/g in DL =  2.5719e-001 
Excess meq Ca in DL =  1.3125e-005 
Excess meq Cl in DL = -1.8049e-006 
Surface charge      = -1.4938e-005 
Total Ca in/on organic matter =  1.2324e-006  CEC on OM =  4.4250e+000 %. 

 ug Cd/L =  3.9679e+001  ug Cd/g =   4.9588e+001  Kd (L/kg) =   1.2497e+003  ug Cd/g in DL =  3.0076e-001 
Excess meq Ca in DL =  1.3107e-005 
Excess meq Cl in DL = -1.8042e-006 
Surface charge      = -1.4919e-005 
Total Ca in/on organic matter =  1.2274e-006  CEC on OM =  4.4071e+000 %. 

 ug Cd/L =  4.5678e+001  ug Cd/g =   5.4682e+001  Kd (L/kg) =   1.1971e+003  ug Cd/g in DL =  3.4584e-001 
Excess meq Ca in DL =  1.3089e-005 
Excess meq Cl in DL = -1.8036e-006 
Surface charge      = -1.4901e-005 
Total Ca in/on organic matter =  1.2226e-006  CEC on OM =  4.3899e+000 %. 

 ug Cd/L =  5.1877e+001  ug Cd/g =   5.9571e+001  Kd (L/kg) =   1.1483e+003  ug Cd/g in DL =  3.9233e-001 
Excess meq Ca in DL =  1.3070e-005 
Excess meq Cl in DL = -1.8029e-006 
Surface charge      = -1.4882e-005 
Total Ca in/on organic matter =  1.2180e-006  CEC on OM =  4.3736e+000 %. 

 ug Cd/L =  5.8264e+001  ug Cd/g =   6.4268e+001  Kd (L/kg) =   1.1031e+003  ug Cd/g in DL =  4.4013e-001 
Excess meq Ca in DL =  1.3052e-005 
Excess meq Cl in DL = -1.8022e-006 
Surface charge      = -1.4864e-005 
Total Ca in/on organic matter =  1.2137e-006  CEC on OM =  4.3578e+000 %. 

 ug Cd/L =  6.4826e+001  ug Cd/g =   6.8784e+001  Kd (L/kg) =   1.0611e+003  ug Cd/g in DL =  4.8915e-001 
Excess meq Ca in DL =  1.3033e-005 
Excess meq Cl in DL = -1.8015e-006 
Surface charge      = -1.4845e-005 
Total Ca in/on organic matter =  1.2095e-006  CEC on OM =  4.3428e+000 %. 

 ug Cd/L =  7.1553e+001  ug Cd/g =   7.3133e+001  Kd (L/kg) =   1.0221e+003  ug Cd/g in DL =  5.3930e-001 
Excess meq Ca in DL =  1.3015e-005 
Excess meq Cl in DL = -1.8008e-006 
Surface charge      = -1.4827e-005 
Total Ca in/on organic matter =  1.2054e-006  CEC on OM =  4.3283e+000 %. 

 ug Cd/L =  7.8434e+001  ug Cd/g =   7.7323e+001  Kd (L/kg) =   9.8584e+002  ug Cd/g in DL =  5.9050e-001 
Excess meq Ca in DL =  1.2996e-005 
Excess meq Cl in DL = -1.8001e-006 
Surface charge      = -1.4809e-005 
Total Ca in/on organic matter =  1.2016e-006  CEC on OM =  4.3144e+000 %. 

 ug Cd/L =  8.5458e+001  ug Cd/g =   8.1368e+001  Kd (L/kg) =   9.5214e+002  ug Cd/g in DL =  6.4265e-001 
Excess meq Ca in DL =  1.2978e-005 
Excess meq Cl in DL = -1.7994e-006 
Surface charge      = -1.4790e-005 
Total Ca in/on organic matter =  1.1978e-006  CEC on OM =  4.3010e+000 %. 

 ug Cd/L =  9.2615e+001  ug Cd/g =   8.5276e+001  Kd (L/kg) =   9.2076e+002  ug Cd/g in DL =  6.9570e-001 
Excess meq Ca in DL =  1.2960e-005 
Excess meq Cl in DL = -1.7987e-006 
Surface charge      = -1.4772e-005 
Total Ca in/on organic matter =  1.1942e-006  CEC on OM =  4.2881e+000 %. 

 ug Cd/L =  9.9896e+001  ug Cd/g =   8.9056e+001  Kd (L/kg) =   8.9149e+002  ug Cd/g in DL =  7.4956e-001 
Excess meq Ca in DL =  1.2942e-005 
Excess meq Cl in DL = -1.7981e-006 
Surface charge      = -1.4754e-005 
Total Ca in/on organic matter =  1.1908e-006  CEC on OM =  4.2756e+000 %. 

 ug Cd/L =  1.0729e+002  ug Cd/g =   9.2718e+001  Kd (L/kg) =   8.6416e+002  ug Cd/g in DL =  8.0418e-001 
Excess meq Ca in DL =  1.2924e-005 
Excess meq Cl in DL = -1.7974e-006 
Surface charge      = -1.4736e-005 
Total Ca in/on organic matter =  1.1874e-006  CEC on OM =  4.2636e+000 %. 

 ug Cd/L =  1.1480e+002  ug Cd/g =   9.6270e+001  Kd (L/kg) =   8.3860e+002  ug Cd/g in DL =  8.5949e-001 
Excess meq Ca in DL =  1.2906e-005 
Excess meq Cl in DL = -1.7967e-006 
Surface charge      = -1.4719e-005 
Total Ca in/on organic matter =  1.1842e-006  CEC on OM =  4.2519e+000 %. 

 ug Cd/L =  1.2240e+002  ug Cd/g =   9.9718e+001  Kd (L/kg) =   8.1466e+002  ug Cd/g in DL =  9.1543e-001 
Excess meq Ca in DL =  1.2888e-005 
Excess meq Cl in DL = -1.7960e-006 
Surface charge      = -1.4701e-005 
Total Ca in/on organic matter =  1.1810e-006  CEC on OM =  4.2406e+000 %. 
-------------------------------
End of Run after 0.876 Seconds.
-------------------------------

