   Input file: ../examples/ex20a
  Output file: ex20a.out
Database file: ../database/iso.dat

------------------
Reading data base.
------------------

	SOLUTION_MASTER_SPECIES
	SOLUTION_SPECIES
	PHASES
	EXCHANGE_MASTER_SPECIES
	EXCHANGE_SPECIES
	SURFACE_MASTER_SPECIES
	SURFACE_SPECIES
	SOLUTION_MASTER_SPECIES
	ISOTOPES
	ISOTOPE_RATIOS
	ISOTOPE_ALPHAS
	NAMED_EXPRESSIONS
	CALCULATE_VALUES
	CALCULATE_VALUES
	SOLUTION_SPECIES
	PHASES
------------------------------------
Reading input data for simulation 1.
------------------------------------

	DATABASE ../database/iso.dat
	TITLE Example 20a.--Calculate carbonate solid solution
	PRINT
		censor_species        1e-006
	SOLUTION 1 # water to find composition of marine carbonate
		pH      8.2
		Na	1       charge
		Ca	10      Calcite        0
		C	2	
		[13C]	0       # permil
		[14C]	0       # pmc
		D	0       # permil
		[18O]	0       # permil
	END
-----
TITLE
-----

 Example 20a.--Calculate carbonate solid solution

-------------------------------------------
Beginning of initial solution calculations.
-------------------------------------------

Initial solution 1.	

-----------------------------------Isotopes------------------------------------

   Isotope	    Molality	       Moles	       Ratio	       Units

         H	1.10997e+002	1.10997e+002
         D	1.72889e-002	1.72889e-002	0.00000e+000	      permil
         T	0.00000e+000	0.00000e+000	0.00000e+000	          TU

         C	1.97789e-003	1.97789e-003
     [13C]	2.21132e-005	2.21132e-005	0.00000e+000	      permil
     [14C]	0.00000e+000	0.00000e+000	0.00000e+000	         pmc

         O	5.54011e+001	5.54011e+001
     [18O]	1.11090e-001	1.11090e-001	0.00000e+000	      permil

-----------------------------Solution composition------------------------------

	Elements           Molality       Moles

	C                2.000e-003  2.000e-003
	Ca               3.089e-004  3.089e-004  Equilibrium with Calcite
	Na               1.380e-003  1.380e-003  Charge balance

----------------------------Description of solution----------------------------

                                       pH  =   8.200    
                                       pe  =   4.000    
                        Activity of water  =   1.000
                           Ionic strength  =  2.294e-003
                       Mass of water (kg)  =  1.000e+000
                 Total alkalinity (eq/kg)  =  1.998e-003
                       Total CO2 (mol/kg)  =  2.000e-003
                      Temperature (deg C)  =  25.00
                  Electrical balance (eq)  =  1.660e-013
 Percent error, 100*(Cat-|An|)/(Cat+|An|)  =   0.00
                               Iterations  =   8
                                  Total H  = 1.109971e+002
                                  Total O  = 5.540110e+001

----------------------------Distribution of species----------------------------

                                                   Log       Log         Log 
   Species                 Molality    Activity  Molality  Activity     Gamma

   OH-                   1.673e-006  1.586e-006    -5.776    -5.800    -0.023
   H3O+                  6.628e-009  6.310e-009    -8.179    -8.200    -0.021
   H2O                   5.551e+001  9.999e-001     1.744    -0.000     0.000
C(-4)           0.000e+000
   CH4                   0.000e+000  0.000e+000   -77.792   -77.792     0.000
C(4)            2.000e-003
   HCO3-                 1.944e-003  1.844e-003    -2.711    -2.734    -0.023
   CO2                   2.615e-005  2.616e-005    -4.583    -4.582     0.000
   CO3-2                 1.693e-005  1.371e-005    -4.771    -4.863    -0.092
   CaHCO3+               5.989e-006  5.687e-006    -5.223    -5.245    -0.022
   CaCO3                 5.562e-006  5.565e-006    -5.255    -5.255     0.000
   NaHCO3                1.356e-006  1.356e-006    -5.868    -5.868     0.000
   NaCO3-                3.520e-007  3.339e-007    -6.453    -6.476    -0.023
Ca              3.089e-004
   Ca+2                  2.974e-004  2.417e-004    -3.527    -3.617    -0.090
   CaHCO3+               5.989e-006  5.687e-006    -5.223    -5.245    -0.022
   CaCO3                 5.562e-006  5.565e-006    -5.255    -5.255     0.000
H(0)            5.634e-028
   H2                    2.817e-028  2.819e-028   -27.550   -27.550     0.000
Na              1.380e-003
   Na+                   1.379e-003  1.308e-003    -2.861    -2.883    -0.023
   NaHCO3                1.356e-006  1.356e-006    -5.868    -5.868     0.000
   NaCO3-                3.520e-007  3.339e-007    -6.453    -6.476    -0.023
O(0)            1.049e-037
   O2                    5.243e-038  5.246e-038   -37.280   -37.280     0.000

------------------------------Saturation indices-------------------------------

	Phase               SI   log IAP   log K(298 K,   1 atm)

	Calcite          -0.00     -8.48   -8.48  CaCO3
	CH4(g)          -74.93    -77.79   -2.86  CH4
	CO2(g)           -3.11     -4.58   -1.47  CO2
	H2(g)           -24.40    -27.55   -3.15  H2
	H2O(g)           -1.51     -0.00    1.51  H2O
	O2(g)           -34.39    -37.28   -2.89  O2


------------------
End of simulation.
------------------

------------------------------------
Reading input data for simulation 2.
------------------------------------

	SOLID_SOLUTION 1 No [14C]
	Calcite 
		component	Calcite                 0
		component	CaCO2[18O](s)           0
		component	CaCO[18O]2(s)           0
		component	CaC[18O]3(s)            0
		component 	Ca[13C]O3(s)            0
		component	Ca[13C]O2[18O](s)       0
		component	Ca[13C]O[18O]2(s)       0
		component	Ca[13C][18O]3(s)        0
	END 	
------------------
End of simulation.
------------------

------------------------------------
Reading input data for simulation 3.
------------------------------------

	RUN_CELLS
		-cells 1
	USER_PRINT
	start
		10 PRINT pad("Component", 20), "Mole fraction"
		20 t = LIST_S_S("Calcite", count, name$, moles)
		30 for i = 1 to count
		40   PRINT pad(name$(i),20), moles(i)/t
		50 next i
	end
	END	
--------------------------
Beginning of run as cells.
--------------------------

-----------------------------------------
Beginning of batch-reaction calculations.
-----------------------------------------

Reaction step 1.

Using solution 1.	
Using solid solution assemblage 1.	No [14C]

----------------------------------User print-----------------------------------

Component            Mole fraction 
Calcite               9.8283e-001 
Ca[13C]O3(s)          1.1011e-002 
CaCO2[18O](s)         6.0825e-003 
Ca[13C]O2[18O](s)     6.8147e-005 
CaCO[18O]2(s)         1.2548e-005 
Ca[13C]O[18O]2(s)     1.4058e-007 
CaC[18O]3(s)          8.6284e-009 
Ca[13C][18O]3(s)      9.6671e-011 

--------------------------------Solid solutions--------------------------------


Solid solution                Component        Moles  Delta moles   Mole fract

Calcite                                    2.54e-007
                                Calcite    2.49e-007    2.49e-007    9.83e-001
                          CaCO2[18O](s)    1.54e-009    1.54e-009    6.08e-003
                          CaCO[18O]2(s)    3.18e-012    3.18e-012    1.25e-005
                           CaC[18O]3(s)    2.19e-015    2.19e-015    8.63e-009
                           Ca[13C]O3(s)    2.79e-009    2.79e-009    1.10e-002
                      Ca[13C]O2[18O](s)    1.73e-011    1.73e-011    6.81e-005
                      Ca[13C]O[18O]2(s)    3.56e-014    3.56e-014    1.41e-007
                       Ca[13C][18O]3(s)    2.45e-017    2.45e-017    9.67e-011

--------------------------------Isotope Ratios---------------------------------

            Isotope Ratio	       Ratio	    Input Units

     R(D)                	1.55760e-004	    4.4409e-013  permil    
     R(18O)              	2.00520e-003	   -3.9446e-007  permil    
     R(13C)              	1.11802e-002	    -0.00026756  permil    
     R(D) H2O(l)         	1.55760e-004	     1.138e-005  permil    
     R(18O) H2O(l)       	2.00520e-003	   -3.9135e-005  permil    
     R(D) OH-            	3.70888e-005	        -761.88  permil    
     R(18O) OH-          	1.93086e-003	        -37.072  permil    
     R(D) H3O+           	1.62250e-004	         41.665  permil    
     R(18O) H3O+         	2.05157e-003	         23.123  permil    
     R(D) H2(aq)         	1.55760e-004	     1.138e-005  permil    
     R(13C) CO2(aq)      	1.10852e-002	        -8.4965  permil    
     R(18O) CO2(aq)      	2.08959e-003	         42.084  permil    
     R(D) HCO3-          	1.55760e-004	    1.1382e-005  permil    
     R(18O) HCO3-        	2.00520e-003	   -3.9135e-005  permil    
     R(13C) HCO3-        	1.11816e-002	        0.12943  permil    
     R(18O) CO3-2        	2.00520e-003	   -3.9137e-005  permil    
     R(13C) CO3-2        	1.11656e-002	        -1.3058  permil    
     R(D) CH4(aq)        	1.55760e-004	     1.138e-005  permil    
     R(13C) CH4(aq)      	1.10852e-002	        -8.4965  permil    
     R(18O) Calcite      	2.06293e-003	          28.79  permil    
     R(13C) Calcite      	1.12038e-002	         2.1103  permil    

--------------------------------Isotope Alphas---------------------------------

                                                              1000ln(Alpha)
                                                         ----------------------
     Isotope Ratio                   Solution alpha      Solution        25.0 C

Alpha D OH-/H2O(l)                          0.23812         -1435         -1435
Alpha 18O OH-/H2O(l)                        0.96293       -37.777       -37.777
Alpha D H3O+/H2O(l)                          1.0417         40.82         40.82
Alpha 18O H3O+/H2O(l)                        1.0231         22.86         22.86
Alpha D H2(aq)/H2O(l)                             1   4.4409e-013             0
Alpha 18O CO2(aq)/H2O(l)                     1.0421        41.223        41.223
Alpha D HCO3-/H2O(l)                              1    2.258e-009             0
Alpha 18O HCO3-/H2O(l)                            1   3.1086e-012             0
Alpha 13C HCO3-/CO2(aq)                      1.0087        8.6622        8.6622
Alpha 18O CO3-2/H2O(l)                            1   -1.551e-009             0
Alpha 13C CO3-2/CO2(aq)                      1.0073        7.2261        7.2261
Alpha D CH4(aq)/H2O(l)                            1   3.7081e-011             0
Alpha 13C CH4(aq)/CO2(aq)                         1  -1.2212e-011             0
Alpha 18O Calcite/H2O(l)                     1.0288        28.383        28.383
Alpha 13C Calcite/CO2(aq)                    1.0107        10.641        10.641

-----------------------------Solution composition------------------------------

	Elements           Molality       Moles

	[13C]            2.218e-005  2.211e-005
	[18O]            1.114e-001  1.111e-001
	C                1.984e-003  1.978e-003
	Ca               3.097e-004  3.087e-004
	D                1.734e-002  1.729e-002
	Na               1.385e-003  1.380e-003

----------------------------Description of solution----------------------------

                                       pH  =   8.199      Charge balance
                                       pe  =  -2.896      Adjusted to redox equilibrium
                        Activity of water  =   0.998
                           Ionic strength  =  2.300e-003
                       Mass of water (kg)  =  9.968e-001
                 Total alkalinity (eq/kg)  =  2.004e-003
                       Total CO2 (mol/kg)  =  1.984e-003
                      Temperature (deg C)  =  25.00
                  Electrical balance (eq)  =  1.660e-013
 Percent error, 100*(Cat-|An|)/(Cat+|An|)  =   0.00
                               Iterations  =  33
                                  Total H  = 1.109971e+002
                                  Total O  = 5.540110e+001

----------------------------Distribution of species----------------------------

                                                   Log       Log         Log 
   Species                 Molality    Activity  Molality  Activity     Gamma

   OH-                   1.661e-006  1.575e-006    -5.780    -5.803    -0.023
   H3O+                  6.648e-009  6.328e-009    -8.177    -8.199    -0.021
   H2O                   5.556e+001  9.977e-001     1.745    -0.001     0.000
C(-4)           2.475e-023
   CH4                   2.474e-023  2.475e-023   -22.607   -22.606     0.000
   CH3D                  1.541e-026  1.542e-026   -25.812   -25.812     0.000
C(4)            1.984e-003
   HCO3-                 1.916e-003  1.818e-003    -2.718    -2.741    -0.023
   CO2                   2.597e-005  2.598e-005    -4.586    -4.585     0.000
   CO3-2                 1.661e-005  1.344e-005    -4.780    -4.872    -0.092
   CaHCO3+               5.916e-006  5.618e-006    -5.228    -5.250    -0.023
   CaCO3                 5.466e-006  5.469e-006    -5.262    -5.262     0.000
   HCO[18O]O-            3.842e-006  3.645e-006    -5.415    -5.438    -0.023
   HC[18O]O2-            3.842e-006  3.645e-006    -5.415    -5.438    -0.023
   HCO2[18O]-            3.842e-006  3.645e-006    -5.415    -5.438    -0.023
   NaHCO3                1.341e-006  1.341e-006    -5.873    -5.872     0.000
   NaCO3-                3.463e-007  3.285e-007    -6.460    -6.483    -0.023
   DCO3-                 2.985e-007  2.831e-007    -6.525    -6.548    -0.023
   CO[18O]               1.085e-007  1.086e-007    -6.964    -6.964     0.000
   CO2[18O]-2            9.991e-008  8.087e-008    -7.000    -7.092    -0.092
   CaCO2[18O]            3.288e-008  3.290e-008    -7.483    -7.483     0.000
   CaHCO2[18O]+          1.186e-008  1.126e-008    -7.926    -7.948    -0.023
   CaHC[18O]O2+          1.186e-008  1.126e-008    -7.926    -7.948    -0.023
   CaHCO[18O]O+          1.186e-008  1.126e-008    -7.926    -7.948    -0.023
   HCO[18O]2-            7.705e-009  7.308e-009    -8.113    -8.136    -0.023
   HC[18O]2O-            7.705e-009  7.308e-009    -8.113    -8.136    -0.023
   HC[18O]O[18O]-        7.705e-009  7.308e-009    -8.113    -8.136    -0.023
   NaHC[18O]O2           2.688e-009  2.690e-009    -8.571    -8.570     0.000
   NaHCO2[18O]           2.688e-009  2.690e-009    -8.571    -8.570     0.000
   NaHCO[18O]O           2.688e-009  2.690e-009    -8.571    -8.570     0.000
   NaCO2[18O]-           2.083e-009  1.976e-009    -8.681    -8.704    -0.023
Ca              3.097e-004
   Ca+2                  2.981e-004  2.422e-004    -3.526    -3.616    -0.090
   CaHCO3+               5.916e-006  5.618e-006    -5.228    -5.250    -0.023
   CaCO3                 5.466e-006  5.469e-006    -5.262    -5.262     0.000
   CaH[13C]O3+           6.616e-008  6.281e-008    -7.179    -7.202    -0.023
   Ca[13C]O3             6.104e-008  6.107e-008    -7.214    -7.214     0.000
   CaCO2[18O]            3.288e-008  3.290e-008    -7.483    -7.483     0.000
   CaHCO2[18O]+          1.186e-008  1.126e-008    -7.926    -7.948    -0.023
   CaHC[18O]O2+          1.186e-008  1.126e-008    -7.926    -7.948    -0.023
   CaHCO[18O]O+          1.186e-008  1.126e-008    -7.926    -7.948    -0.023
   CaDCO3+               9.216e-010  8.750e-010    -9.035    -9.058    -0.023
   Ca[13C]O2[18O]        3.672e-010  3.674e-010    -9.435    -9.435     0.000
D(0)            5.495e-018
   HD                    5.494e-018  5.497e-018   -17.260   -17.260     0.000
   D2                    4.279e-022  4.281e-022   -21.369   -21.368     0.000
D(1)            1.734e-002
   HDO                   1.731e-002  3.108e-004    -1.762    -3.507    -1.746
   HD[18O]               3.470e-005  6.233e-007    -4.460    -6.205    -1.746
   D2O                   1.348e-006  2.421e-008    -5.870    -7.616    -1.746
   DCO3-                 2.985e-007  2.831e-007    -6.525    -6.548    -0.023
H(0)            3.529e-014
   H2                    1.764e-014  1.765e-014   -13.754   -13.753     0.000
   HD                    5.494e-018  5.497e-018   -17.260   -17.260     0.000
Na              1.385e-003
   Na+                   1.383e-003  1.312e-003    -2.859    -2.882    -0.023
   NaHCO3                1.341e-006  1.341e-006    -5.873    -5.872     0.000
   NaCO3-                3.463e-007  3.285e-007    -6.460    -6.483    -0.023
   NaH[13C]O3            1.499e-008  1.500e-008    -7.824    -7.824     0.000
   Na[13C]O3-            3.867e-009  3.668e-009    -8.413    -8.436    -0.023
   NaHCO[18O]O           2.688e-009  2.690e-009    -8.571    -8.570     0.000
   NaHC[18O]O2           2.688e-009  2.690e-009    -8.571    -8.570     0.000
   NaHCO2[18O]           2.688e-009  2.690e-009    -8.571    -8.570     0.000
   NaCO2[18O]-           2.083e-009  1.976e-009    -8.681    -8.704    -0.023
O(0)            0.000e+000
   O2                    0.000e+000  0.000e+000   -64.875   -64.875     0.000
   O[18O]                0.000e+000  0.000e+000   -67.272   -67.272     0.000
[13C](-4)       2.744e-025
   [13C]H4               2.742e-025  2.743e-025   -24.562   -24.562     0.000
   [13C]H3D              1.708e-028  1.709e-028   -27.767   -27.767     0.000
[13C](4)        2.218e-005
   H[13C]O3-             2.143e-005  2.032e-005    -4.669    -4.692    -0.023
   [13C]O2               2.879e-007  2.880e-007    -6.541    -6.541     0.000
   [13C]O3-2             1.854e-007  1.501e-007    -6.732    -6.824    -0.092
   CaH[13C]O3+           6.616e-008  6.281e-008    -7.179    -7.202    -0.023
   Ca[13C]O3             6.104e-008  6.107e-008    -7.214    -7.214     0.000
   H[13C]O2[18O]-        4.296e-008  4.075e-008    -7.367    -7.390    -0.023
   H[13C][18O]O2-        4.296e-008  4.075e-008    -7.367    -7.390    -0.023
   H[13C]O[18O]O-        4.296e-008  4.075e-008    -7.367    -7.390    -0.023
   NaH[13C]O3            1.499e-008  1.500e-008    -7.824    -7.824     0.000
   Na[13C]O3-            3.867e-009  3.668e-009    -8.413    -8.436    -0.023
   D[13C]O3-             3.337e-009  3.166e-009    -8.477    -8.500    -0.023
   [13C]O[18O]           1.203e-009  1.204e-009    -8.920    -8.919     0.000
   [13C]O2[18O]-2        1.116e-009  9.029e-010    -8.953    -9.044    -0.092
   Ca[13C]O2[18O]        3.672e-010  3.674e-010    -9.435    -9.435     0.000
   CaH[13C][18O]O2+      1.327e-010  1.260e-010    -9.877    -9.900    -0.023
   CaH[13C]O[18O]O+      1.327e-010  1.260e-010    -9.877    -9.900    -0.023
   CaH[13C]O2[18O]+      1.327e-010  1.260e-010    -9.877    -9.900    -0.023
   H[13C][18O]2O-        8.615e-011  8.172e-011   -10.065   -10.088    -0.023
   H[13C][18O]O[18O]-    8.615e-011  8.172e-011   -10.065   -10.088    -0.023
   H[13C]O[18O]2-        8.615e-011  8.172e-011   -10.065   -10.088    -0.023
   NaH[13C]O2[18O]       3.006e-011  3.008e-011   -10.522   -10.522     0.000
   NaH[13C]O[18O]O       3.006e-011  3.008e-011   -10.522   -10.522     0.000
   NaH[13C][18O]O2       3.006e-011  3.008e-011   -10.522   -10.522     0.000
   Na[13C]O2[18O]-       2.326e-011  2.207e-011   -10.633   -10.656    -0.023
[18O](-2)       1.114e-001
   H2[18O]               1.114e-001  2.001e-003    -0.953    -2.699    -1.746
   HD[18O]               3.470e-005  6.233e-007    -4.460    -6.205    -1.746
   HCO2[18O]-            3.842e-006  3.645e-006    -5.415    -5.438    -0.023
   HC[18O]O2-            3.842e-006  3.645e-006    -5.415    -5.438    -0.023
   HCO[18O]O-            3.842e-006  3.645e-006    -5.415    -5.438    -0.023
[18O](0)        0.000e+000
   O[18O]                0.000e+000  0.000e+000   -67.272   -67.272     0.000
   [18O]2                0.000e+000  0.000e+000   -70.271   -70.271     0.000

------------------------------Saturation indices-------------------------------

	Phase               SI   log IAP   log K(298 K,   1 atm)

	[13C][18O]2(g)  -10.43    -11.94   -1.50  [13C][18O]2
	[13C]D4(g)      -36.93    -39.79   -2.86  [13C]D4
	[13C]H2D2(g)    -28.54    -32.18   -3.64  [13C]H2D2
	[13C]H3D(g)     -24.91    -28.37   -3.46  [13C]H3D
	[13C]H4(g)      -21.70    -24.56   -2.86  [13C]H4
	[13C]HD3(g)     -32.52    -35.98   -3.46  [13C]HD3
	[13C]O2(g)       -5.07     -6.54   -1.47  [13C]O2
	[13C]O[18O](g)   -7.45     -9.24   -1.79  [13C]O[18O]
	[18O]2(g)       -67.98    -70.27   -2.29  [18O]2
	C[18O]2(g)       -8.48     -9.98   -1.50  C[18O]2
	Ca[13C][18O]3(s) -10.01     -1.86    8.16  Ca[13C][18O]3
	Ca[13C]O2[18O](s)  -4.17      3.54    7.71  Ca[13C]O2[18O]
	Ca[13C]O3(s)     -1.96      6.24    8.20  Ca[13C]O3
	Ca[13C]O[18O]2(s)  -6.85      0.84    7.69  Ca[13C]O[18O]2
	CaC[18O]3(s)     -8.06      0.10    8.16  CaC[18O]3
	CaCO2[18O](s)    -2.22      5.50    7.71  CaCO2[18O]
	CaCO[18O]2(s)    -4.90      2.80    7.70  CaCO[18O]2
	Calcite          -0.01     -8.49   -8.48  CaCO3
	CD4(g)          -34.98    -37.84   -2.86  CD4
	CH2D2(g)        -26.58    -30.22   -3.64  CH2D2
	CH3D(g)         -22.95    -26.41   -3.46  CH3D
	CH4(g)          -19.75    -22.61   -2.86  CH4
	CHD3(g)         -30.57    -34.03   -3.46  CHD3
	CO2(g)           -3.12     -4.59   -1.47  CO2
	CO[18O](g)       -5.50     -7.28   -1.79  CO[18O]
	D2(g)           -18.22    -21.37   -3.15  D2
	D2[18O](g)      -11.89    -10.31    1.58  D2[18O]
	D2O(g)           -9.19     -7.62    1.58  D2O
	H2(g)           -10.60    -13.75   -3.15  H2
	H2[18O](g)       -4.21     -2.70    1.51  H2[18O]
	H2O(g)           -1.51     -0.00    1.51  H2O
	HD(g)           -14.11    -17.56   -3.45  HD
	HD[18O](g)       -7.75     -6.51    1.25  HD[18O]
	HDO(g)           -5.05     -3.81    1.24  HDO
	O2(g)           -61.98    -64.88   -2.89  O2
	O[18O](g)       -64.68    -67.57   -2.89  O[18O]


------------------
End of simulation.
------------------

------------------------------------
Reading input data for simulation 4.
------------------------------------

-----------
End of run.
-----------

